<?xml version="1.0" encoding="UTF-8"?>
<testsuite name="com.krytest.servicepoller.ServicepollerApplicationTests" tests="1" skipped="0" failures="0" errors="0" timestamp="2022-02-02T12:10:05" hostname="Kasanas-MacBook-Air.local" time="0.165">
  <properties/>
  <testcase name="contextLoads()" classname="com.krytest.servicepoller.ServicepollerApplicationTests" time="0.165"/>
  <system-out><![CDATA[13:09:59.169 [Test worker] DEBUG org.springframework.test.context.BootstrapUtils - Instantiating CacheAwareContextLoaderDelegate from class [org.springframework.test.context.cache.DefaultCacheAwareContextLoaderDelegate]
13:09:59.180 [Test worker] DEBUG org.springframework.test.context.BootstrapUtils - Instantiating BootstrapContext using constructor [public org.springframework.test.context.support.DefaultBootstrapContext(java.lang.Class,org.springframework.test.context.CacheAwareContextLoaderDelegate)]
13:09:59.216 [Test worker] DEBUG org.springframework.test.context.BootstrapUtils - Instantiating TestContextBootstrapper for test class [com.krytest.servicepoller.ServicepollerApplicationTests] from class [org.springframework.boot.test.context.SpringBootTestContextBootstrapper]
13:09:59.228 [Test worker] INFO org.springframework.boot.test.context.SpringBootTestContextBootstrapper - Neither @ContextConfiguration nor @ContextHierarchy found for test class [com.krytest.servicepoller.ServicepollerApplicationTests], using SpringBootContextLoader
13:09:59.232 [Test worker] DEBUG org.springframework.test.context.support.AbstractContextLoader - Did not detect default resource location for test class [com.krytest.servicepoller.ServicepollerApplicationTests]: class path resource [com/krytest/servicepoller/ServicepollerApplicationTests-context.xml] does not exist
13:09:59.233 [Test worker] DEBUG org.springframework.test.context.support.AbstractContextLoader - Did not detect default resource location for test class [com.krytest.servicepoller.ServicepollerApplicationTests]: class path resource [com/krytest/servicepoller/ServicepollerApplicationTestsContext.groovy] does not exist
13:09:59.233 [Test worker] INFO org.springframework.test.context.support.AbstractContextLoader - Could not detect default resource locations for test class [com.krytest.servicepoller.ServicepollerApplicationTests]: no resource found for suffixes {-context.xml, Context.groovy}.
13:09:59.234 [Test worker] INFO org.springframework.test.context.support.AnnotationConfigContextLoaderUtils - Could not detect default configuration classes for test class [com.krytest.servicepoller.ServicepollerApplicationTests]: ServicepollerApplicationTests does not declare any static, non-private, non-final, nested classes annotated with @Configuration.
13:09:59.295 [Test worker] DEBUG org.springframework.test.context.support.ActiveProfilesUtils - Could not find an 'annotation declaring class' for annotation type [org.springframework.test.context.ActiveProfiles] and class [com.krytest.servicepoller.ServicepollerApplicationTests]
13:09:59.367 [Test worker] DEBUG org.springframework.context.annotation.ClassPathScanningCandidateComponentProvider - Identified candidate component class: file [/Users/kasana/Documents/servicepoller/build/classes/java/main/com/krytest/servicepoller/ServicepollerApplication.class]
13:09:59.371 [Test worker] INFO org.springframework.boot.test.context.SpringBootTestContextBootstrapper - Found @SpringBootConfiguration com.krytest.servicepoller.ServicepollerApplication for test class com.krytest.servicepoller.ServicepollerApplicationTests
13:09:59.467 [Test worker] DEBUG org.springframework.boot.test.context.SpringBootTestContextBootstrapper - @TestExecutionListeners is not present for class [com.krytest.servicepoller.ServicepollerApplicationTests]: using defaults.
13:09:59.467 [Test worker] INFO org.springframework.boot.test.context.SpringBootTestContextBootstrapper - Loaded default TestExecutionListener class names from location [META-INF/spring.factories]: [org.springframework.boot.test.autoconfigure.restdocs.RestDocsTestExecutionListener, org.springframework.boot.test.autoconfigure.web.client.MockRestServiceServerResetTestExecutionListener, org.springframework.boot.test.autoconfigure.web.servlet.MockMvcPrintOnlyOnFailureTestExecutionListener, org.springframework.boot.test.autoconfigure.web.servlet.WebDriverTestExecutionListener, org.springframework.boot.test.autoconfigure.webservices.client.MockWebServiceServerTestExecutionListener, org.springframework.boot.test.mock.mockito.MockitoTestExecutionListener, org.springframework.boot.test.mock.mockito.ResetMocksTestExecutionListener, org.springframework.test.context.web.ServletTestExecutionListener, org.springframework.test.context.support.DirtiesContextBeforeModesTestExecutionListener, org.springframework.test.context.event.ApplicationEventsTestExecutionListener, org.springframework.test.context.support.DependencyInjectionTestExecutionListener, org.springframework.test.context.support.DirtiesContextTestExecutionListener, org.springframework.test.context.transaction.TransactionalTestExecutionListener, org.springframework.test.context.jdbc.SqlScriptsTestExecutionListener, org.springframework.test.context.event.EventPublishingTestExecutionListener]
13:09:59.482 [Test worker] INFO org.springframework.boot.test.context.SpringBootTestContextBootstrapper - Using TestExecutionListeners: [org.springframework.test.context.web.ServletTestExecutionListener@3174cb09, org.springframework.test.context.support.DirtiesContextBeforeModesTestExecutionListener@4d411036, org.springframework.test.context.event.ApplicationEventsTestExecutionListener@7adbd080, org.springframework.boot.test.mock.mockito.MockitoTestExecutionListener@41beb473, org.springframework.boot.test.autoconfigure.SpringBootDependencyInjectionTestExecutionListener@560513ce, org.springframework.test.context.support.DirtiesContextTestExecutionListener@13006998, org.springframework.test.context.transaction.TransactionalTestExecutionListener@37fbe4a8, org.springframework.test.context.jdbc.SqlScriptsTestExecutionListener@352c308, org.springframework.test.context.event.EventPublishingTestExecutionListener@7d373bcf, org.springframework.boot.test.autoconfigure.restdocs.RestDocsTestExecutionListener@6d6bc158, org.springframework.boot.test.autoconfigure.web.client.MockRestServiceServerResetTestExecutionListener@5dda6f9, org.springframework.boot.test.autoconfigure.web.servlet.MockMvcPrintOnlyOnFailureTestExecutionListener@10027fc9, org.springframework.boot.test.autoconfigure.web.servlet.WebDriverTestExecutionListener@54afd745, org.springframework.boot.test.autoconfigure.webservices.client.MockWebServiceServerTestExecutionListener@677dbd89, org.springframework.boot.test.mock.mockito.ResetMocksTestExecutionListener@fff25f1]
13:09:59.485 [Test worker] DEBUG org.springframework.test.context.support.AbstractDirtiesContextTestExecutionListener - Before test class: context [DefaultTestContext@5149f008 testClass = ServicepollerApplicationTests, testInstance = [null], testMethod = [null], testException = [null], mergedContextConfiguration = [WebMergedContextConfiguration@7072bc39 testClass = ServicepollerApplicationTests, locations = '{}', classes = '{class com.krytest.servicepoller.ServicepollerApplication}', contextInitializerClasses = '[]', activeProfiles = '{}', propertySourceLocations = '{}', propertySourceProperties = '{org.springframework.boot.test.context.SpringBootTestContextBootstrapper=true}', contextCustomizers = set[org.springframework.boot.test.autoconfigure.actuate.metrics.MetricsExportContextCustomizerFactory$DisableMetricExportContextCustomizer@13e547a9, org.springframework.boot.test.autoconfigure.properties.PropertyMappingContextCustomizer@0, org.springframework.boot.test.autoconfigure.web.servlet.WebDriverContextCustomizerFactory$Customizer@17cdf2d0, org.springframework.boot.test.context.filter.ExcludeFilterContextCustomizer@63fdab07, org.springframework.boot.test.json.DuplicateJsonObjectContextCustomizerFactory$DuplicateJsonObjectContextCustomizer@1af687fe, org.springframework.boot.test.mock.mockito.MockitoContextCustomizer@0, org.springframework.boot.test.web.client.TestRestTemplateContextCustomizer@1c3146bc, org.springframework.boot.test.context.SpringBootTestArgs@1, org.springframework.boot.test.context.SpringBootTestWebEnvironment@7eecb5b8], resourceBasePath = 'src/main/webapp', contextLoader = 'org.springframework.boot.test.context.SpringBootContextLoader', parent = [null]], attributes = map['org.springframework.test.context.web.ServletTestExecutionListener.activateListener' -> true]], class annotated with @DirtiesContext [false] with mode [null].

  .   ____          _            __ _ _
 /\\ / ___'_ __ _ _(_)_ __  __ _ \ \ \ \
( ( )\___ | '_ | '_| | '_ \/ _` | \ \ \ \
 \\/  ___)| |_)| | | | | || (_| |  ) ) ) )
  '  |____| .__|_| |_|_| |_\__, | / / / /
 =========|_|==============|___/=/_/_/_/
 :: Spring Boot ::                (v2.6.3)

2022-02-02 13:10:00.160  INFO 77052 --- [    Test worker] c.k.s.ServicepollerApplicationTests      : Starting ServicepollerApplicationTests using Java 11.0.2 on Kasanas-MacBook-Air.local with PID 77052 (started by kasana in /Users/kasana/Documents/servicepoller)
2022-02-02 13:10:00.165  INFO 77052 --- [    Test worker] c.k.s.ServicepollerApplicationTests      : No active profile set, falling back to default profiles: default
2022-02-02 13:10:01.386  INFO 77052 --- [    Test worker] .s.d.r.c.RepositoryConfigurationDelegate : Bootstrapping Spring Data JPA repositories in DEFAULT mode.
2022-02-02 13:10:01.441  INFO 77052 --- [    Test worker] .s.d.r.c.RepositoryConfigurationDelegate : Finished Spring Data repository scanning in 48 ms. Found 1 JPA repository interfaces.
2022-02-02 13:10:02.565  INFO 77052 --- [    Test worker] o.hibernate.jpa.internal.util.LogHelper  : HHH000204: Processing PersistenceUnitInfo [name: default]
2022-02-02 13:10:02.612  INFO 77052 --- [    Test worker] org.hibernate.Version                    : HHH000412: Hibernate ORM core version 5.6.4.Final
2022-02-02 13:10:02.765  INFO 77052 --- [    Test worker] o.hibernate.annotations.common.Version   : HCANN000001: Hibernate Commons Annotations {5.1.2.Final}
2022-02-02 13:10:02.942  INFO 77052 --- [    Test worker] com.zaxxer.hikari.HikariDataSource       : HikariPool-1 - Starting...
2022-02-02 13:10:02.953  WARN 77052 --- [    Test worker] com.zaxxer.hikari.util.DriverDataSource  : Registered driver with driverClassName=com.mysql.jdbc.Driver was not found, trying direct instantiation.
2022-02-02 13:10:03.174  INFO 77052 --- [    Test worker] com.zaxxer.hikari.HikariDataSource       : HikariPool-1 - Start completed.
2022-02-02 13:10:03.201  INFO 77052 --- [    Test worker] org.hibernate.dialect.Dialect            : HHH000400: Using dialect: org.hibernate.dialect.MySQL57Dialect
2022-02-02 13:10:03.851  INFO 77052 --- [    Test worker] o.h.e.t.j.p.i.JtaPlatformInitiator       : HHH000490: Using JtaPlatform implementation: [org.hibernate.engine.transaction.jta.platform.internal.NoJtaPlatform]
2022-02-02 13:10:03.860  INFO 77052 --- [    Test worker] j.LocalContainerEntityManagerFactoryBean : Initialized JPA EntityManagerFactory for persistence unit 'default'
2022-02-02 13:10:04.904  WARN 77052 --- [    Test worker] JpaBaseConfiguration$JpaWebConfiguration : spring.jpa.open-in-view is enabled by default. Therefore, database queries may be performed during view rendering. Explicitly configure spring.jpa.open-in-view to disable this warning
2022-02-02 13:10:05.498  INFO 77052 --- [    Test worker] o.s.b.a.w.s.WelcomePageHandlerMapping    : Adding welcome page: class path resource [static/index.html]
2022-02-02 13:10:05.961  INFO 77052 --- [    Test worker] c.k.s.ServicepollerApplicationTests      : Started ServicepollerApplicationTests in 6.328 seconds (JVM running for 7.975)
]]></system-out>
  <system-err><![CDATA[Loading class `com.mysql.jdbc.Driver'. This is deprecated. The new driver class is `com.mysql.cj.jdbc.Driver'. The driver is automatically registered via the SPI and manual loading of the driver class is generally unnecessary.
]]></system-err>
</testsuite>
